#
# A fatal error has been detected by the Java Runtime Environment:
#
#  EXCEPTION_ACCESS_VIOLATION (0xc0000005) at pc=0x00007ffbc1523cb0, pid=17756, tid=9992
#
# JRE version: Java(TM) SE Runtime Environment (13.0.2+8) (build 13.0.2+8)
# Java VM: Java HotSpot(TM) 64-Bit Server VM (13.0.2+8, mixed mode, sharing, tiered, compressed oops, g1 gc, windows-amd64)
# Problematic frame:
# V  [jvm.dll+0x103cb0]
#
# No core dump will be written. Minidumps are not enabled by default on client versions of Windows
#
# If you would like to submit a bug report, please visit:
#   http://bugreport.java.com/bugreport/crash.jsp
#

---------------  S U M M A R Y ------------

Command Line: -Djava.library.path=C:\Dev\Nerdprogramming\Java\Maven\3DGFX\libs -Dfile.encoding=Cp1252 Main

Host: Intel(R) Core(TM) i5-9400F CPU @ 2.90GHz, 6 cores, 15G,  Windows 10 , 64 bit Build 18362 (10.0.18362.900)
Time: Tue Jul 14 14:14:53 2020 GMT Summer Time elapsed time: 1 seconds (0d 0h 0m 1s)

---------------  T H R E A D  ---------------

Current thread (0x000001e02355f000):  JavaThread "main" [_thread_in_vm, id=9992, stack(0x000000dd4dc00000,0x000000dd4dd00000)]

Stack: [0x000000dd4dc00000,0x000000dd4dd00000],  sp=0x000000dd4dcff308,  free space=1020k
Native frames: (J=compiled Java code, j=interpreted, Vv=VM code, C=native code)
V  [jvm.dll+0x103cb0]

Java frames: (J=compiled Java code, j=interpreted, Vv=VM code)
j  imgui.ImGui.labelText(Ljava/lang/String;Ljava/lang/String;)V+0
j  uk.co.nerdprogramming.gfx.engine.UI.Text(Ljava/lang/String;)V+2
j  Main.main([Ljava/lang/String;)V+65
v  ~StubRoutines::call_stub

siginfo: EXCEPTION_ACCESS_VIOLATION (0xc0000005), reading address 0x0000000000000000


Register to memory mapping:

RIP=0x00007ffbc1523cb0 jvm.dll
RAX=0x0 is NULL
RBX=0x000001e02355f000 is a thread
RCX=0x0 is NULL
RDX=0x0000000000000006 is an unknown value
RSP=0x000000dd4dcff308 is pointing into the stack for thread: 0x000001e02355f000
RBP=0x000001e02355f000 is a thread
RSI=0x0 is NULL
RDI=0x0 is NULL
R8 =0x0 is NULL
R9 =0x000000dd4dcff488 is pointing into the stack for thread: 0x000001e02355f000
R10=0x000001e02ba4f4c8 is at code_begin+1000 in an Interpreter codelet
method entry point (kind = native)  [0x000001e02ba4f0e0, 0x000001e02ba4fc40]  2912 bytes
R11=0x000000070c2d0220 is an oop: java.lang.Class 
{0x000000070c2d0220} - klass: 'java/lang/Class'
R12=0x000001e02355f310 points into unknown readable memory: 00 00 2d 4b e0 01 00 00
R13=0x000000dd4dcff488 is pointing into the stack for thread: 0x000001e02355f000
R14=0x0 is NULL
R15=0x0 is NULL


Registers:
RAX=0x0000000000000000, RBX=0x000001e02355f000, RCX=0x0000000000000000, RDX=0x0000000000000006
RSP=0x000000dd4dcff308, RBP=0x000001e02355f000, RSI=0x0000000000000000, RDI=0x0000000000000000
R8 =0x0000000000000000, R9 =0x000000dd4dcff488, R10=0x000001e02ba4f4c8, R11=0x000000070c2d0220
R12=0x000001e02355f310, R13=0x000000dd4dcff488, R14=0x0000000000000000, R15=0x0000000000000000
RIP=0x00007ffbc1523cb0, EFLAGS=0x0000000000010246

Top of Stack: (sp=0x000000dd4dcff308)
0x000000dd4dcff308:   00007ffbc17e3290 000001e02355f000
0x000000dd4dcff318:   000000dd4dcff490 0000000000000000
0x000000dd4dcff328:   0000000000000148 000001e02355f000
0x000000dd4dcff338:   0000000000000000 000001e052240860
0x000000dd4dcff348:   00007ffbc19fbbe8 000001e02ba4a273
0x000000dd4dcff358:   000000dd4dcff490 000001e02355f000
0x000000dd4dcff368:   000000dd4dcff490 000000dd4dcff468
0x000000dd4dcff378:   00007ffbc1799177 000001e02355f000
0x000000dd4dcff388:   0000000000000000 000001e02ba4a273
0x000000dd4dcff398:   000000006f6c8f64 000001e052240860
0x000000dd4dcff3a8:   000000dd4dcff468 0000000000000148
0x000000dd4dcff3b8:   000001e02ba4f340 000001e052240860
0x000000dd4dcff3c8:   0000000000000148 0000000000000000
0x000000dd4dcff3d8:   000001e052240860 000000dd4dcff490
0x000000dd4dcff3e8:   000001e02ba4f4f7 000001e052240860
0x000000dd4dcff3f8:   0000000000000148 3ff0000000000000 

Instructions: (pc=0x00007ffbc1523cb0)
0x00007ffbc1523bb0:   48 8b ce 48 85 c0 74 03 48 8b 08 e8 b0 49 28 00
0x00007ffbc1523bc0:   48 8b 44 24 48 48 85 c0 74 03 48 8b 30 33 d2 48
0x00007ffbc1523bd0:   89 b7 e8 02 00 00 48 8b cf e8 f2 ba 62 00 48 8b
0x00007ffbc1523be0:   cf e8 5a 3b 63 00 48 85 db 74 08 48 8b cb e8 6d
0x00007ffbc1523bf0:   6d 4f 00 48 8d 4c 24 58 e8 13 96 1c 00 48 8b 8c
0x00007ffbc1523c00:   24 80 00 00 00 48 33 cc e8 53 c6 69 00 4c 8d 9c
0x00007ffbc1523c10:   24 90 00 00 00 49 8b 5b 18 49 8b 73 20 49 8b e3
0x00007ffbc1523c20:   5f c3 cc cc cc cc cc cc cc cc cc cc cc cc cc cc
0x00007ffbc1523c30:   48 89 4c 24 08 48 89 54 24 10 4c 89 44 24 18 4c
0x00007ffbc1523c40:   89 4c 24 20 48 83 ec 28 4c 8b c1 4c 8d 4c 24 38
0x00007ffbc1523c50:   48 8d 0d 69 e3 94 00 ba 02 00 00 00 e8 df ec 42
0x00007ffbc1523c60:   00 48 83 c4 28 c3 cc cc cc cc cc cc cc cc cc cc
0x00007ffbc1523c70:   48 89 4c 24 08 48 89 54 24 10 4c 89 44 24 18 4c
0x00007ffbc1523c80:   89 4c 24 20 48 83 ec 28 4c 8b c1 4c 8d 4c 24 38
0x00007ffbc1523c90:   48 8d 0d 29 e3 94 00 ba 05 00 00 00 e8 9f ec 42
0x00007ffbc1523ca0:   00 48 83 c4 28 c3 cc cc cc cc cc cc cc cc cc cc
0x00007ffbc1523cb0:   48 8b 01 c3 cc cc cc cc cc cc cc cc cc cc cc cc
0x00007ffbc1523cc0:   48 89 5c 24 08 48 89 74 24 10 57 48 83 ec 20 48
0x00007ffbc1523cd0:   8b f9 48 8b 9f d0 00 00 00 48 85 db 74 08 48 8b
0x00007ffbc1523ce0:   cb e8 1a 6b 4f 00 8b b7 d8 00 00 00 c1 ee 1d 40
0x00007ffbc1523cf0:   80 e6 01 75 07 40 88 b7 a4 03 00 00 48 85 db 74
0x00007ffbc1523d00:   08 48 8b cb e8 57 6c 4f 00 40 84 f6 74 11 48 8b
0x00007ffbc1523d10:   cf e8 8a fd 62 00 c6 87 a4 03 00 00 01 eb b3 48
0x00007ffbc1523d20:   8b 5c 24 30 48 8b 74 24 38 48 83 c4 20 5f c3 cc
0x00007ffbc1523d30:   4c 8b dc 53 56 48 81 ec a8 00 00 00 48 8b 05 35
0x00007ffbc1523d40:   5d 92 00 48 33 c4 48 89 44 24 78 65 48 8b 04 25
0x00007ffbc1523d50:   58 00 00 00 8b da 8b 15 38 1a 9c 00 49 89 6b 20
0x00007ffbc1523d60:   4d 89 63 e0 4d 89 6b d8 4d 8b e8 48 8b 04 d0 4d
0x00007ffbc1523d70:   89 73 d0 4c 8b f1 be 08 00 00 00 4d 89 7b c8 48
0x00007ffbc1523d80:   8b 34 06 48 8b d6 48 8d 8e f0 02 00 00 e8 ee 0e
0x00007ffbc1523d90:   1d 00 c7 86 88 03 00 00 07 00 00 00 e8 af 2d 51
0x00007ffbc1523da0:   00 83 3d 58 0d 99 00 01 75 0e 48 8b 86 08 01 00 


Stack slot to memory mapping:
stack at sp + 0 slots: 0x00007ffbc17e3290 jvm.dll
stack at sp + 1 slots: 0x000001e02355f000 is a thread
stack at sp + 2 slots: 0x000000dd4dcff490 is pointing into the stack for thread: 0x000001e02355f000
stack at sp + 3 slots: 0x0 is NULL
stack at sp + 4 slots: 0x0000000000000148 is an unknown value
stack at sp + 5 slots: 0x000001e02355f000 is a thread
stack at sp + 6 slots: 0x0 is NULL
stack at sp + 7 slots: {method} {0x000001e052240868} 'labelText' '(Ljava/lang/String;Ljava/lang/String;)V' in 'imgui/ImGui'


---------------  P R O C E S S  ---------------

Threads class SMR info:
_java_thread_list=0x000001e048471da0, length=10, elements={
0x000001e02355f000, 0x000001e046d8d000, 0x000001e047616000, 0x000001e047632800,
0x000001e047635000, 0x000001e047636000, 0x000001e047652000, 0x000001e0476ac800,
0x000001e0478f2000, 0x000001e04771f000
}

Java Threads: ( => current thread )
=>0x000001e02355f000 JavaThread "main" [_thread_in_vm, id=9992, stack(0x000000dd4dc00000,0x000000dd4dd00000)]
  0x000001e046d8d000 JavaThread "Reference Handler" daemon [_thread_blocked, id=16288, stack(0x000000dd4e300000,0x000000dd4e400000)]
  0x000001e047616000 JavaThread "Finalizer" daemon [_thread_blocked, id=10292, stack(0x000000dd4e400000,0x000000dd4e500000)]
  0x000001e047632800 JavaThread "Signal Dispatcher" daemon [_thread_blocked, id=8120, stack(0x000000dd4e500000,0x000000dd4e600000)]
  0x000001e047635000 JavaThread "Attach Listener" daemon [_thread_blocked, id=7140, stack(0x000000dd4e600000,0x000000dd4e700000)]
  0x000001e047636000 JavaThread "C2 CompilerThread0" daemon [_thread_blocked, id=9708, stack(0x000000dd4e700000,0x000000dd4e800000)]
  0x000001e047652000 JavaThread "C1 CompilerThread0" daemon [_thread_blocked, id=11276, stack(0x000000dd4e800000,0x000000dd4e900000)]
  0x000001e0476ac800 JavaThread "Sweeper thread" daemon [_thread_blocked, id=13080, stack(0x000000dd4e900000,0x000000dd4ea00000)]
  0x000001e0478f2000 JavaThread "Service Thread" daemon [_thread_blocked, id=13788, stack(0x000000dd4ea00000,0x000000dd4eb00000)]
  0x000001e04771f000 JavaThread "Common-Cleaner" daemon [_thread_blocked, id=12524, stack(0x000000dd4ec00000,0x000000dd4ed00000)]

Other Threads:
  0x000001e046d8b000 VMThread "VM Thread" [stack: 0x000000dd4e200000,0x000000dd4e300000] [id=5636]
  0x000001e047909000 WatcherThread [stack: 0x000000dd4eb00000,0x000000dd4ec00000] [id=14080]
  0x000001e0235cb800 GCTaskThread "GC Thread#0" [stack: 0x000000dd4dd00000,0x000000dd4de00000] [id=13284]
  0x000001e048083000 GCTaskThread "GC Thread#1" [stack: 0x000000dd4ee00000,0x000000dd4ef00000] [id=12072]
  0x000001e0482f9800 GCTaskThread "GC Thread#2" [stack: 0x000000dd4ef00000,0x000000dd4f000000] [id=14772]
  0x000001e048969000 GCTaskThread "GC Thread#3" [stack: 0x000000dd4f000000,0x000000dd4f100000] [id=5716]
  0x000001e0488bf800 GCTaskThread "GC Thread#4" [stack: 0x000000dd4f100000,0x000000dd4f200000] [id=6704]
  0x000001e0488c0800 GCTaskThread "GC Thread#5" [stack: 0x000000dd4f200000,0x000000dd4f300000] [id=15080]
  0x000001e0235ee800 ConcurrentGCThread "G1 Main Marker" [stack: 0x000000dd4de00000,0x000000dd4df00000] [id=15148]
  0x000001e0235f0800 ConcurrentGCThread "G1 Conc#0" [stack: 0x000000dd4df00000,0x000000dd4e000000] [id=8428]
  0x000001e046c85800 ConcurrentGCThread "G1 Refine#0" [stack: 0x000000dd4e000000,0x000000dd4e100000] [id=16060]
  0x000001e046c88000 ConcurrentGCThread "G1 Young RemSet Sampling" [stack: 0x000000dd4e100000,0x000000dd4e200000] [id=14220]

Threads with active compile tasks:

VM state:not at safepoint (normal execution)

VM Mutex/Monitor currently owned by a thread: None

Heap address: 0x0000000700c00000, size: 4084 MB, Compressed Oops mode: Zero based, Oop shift amount: 3
Narrow klass base: 0x0000000800000000, Narrow klass shift: 3
Compressed class space size: 1073741824 Address: 0x0000000800b40000

Heap:
 garbage-first heap   total 262144K, used 76553K [0x0000000700c00000, 0x0000000800000000)
  region size 1024K, 76 young (77824K), 3 survivors (3072K)
 Metaspace       used 6794K, capacity 9463K, committed 9728K, reserved 1058816K
  class space    used 370K, capacity 675K, committed 768K, reserved 1048576K
Heap Regions: E=young(eden), S=young(survivor), O=old, HS=humongous(starts), HC=humongous(continues), CS=collection set, F=free, A=archive, TAMS=top-at-mark-start (previous, next)
|   0|0x0000000700c00000, 0x0000000700c00000, 0x0000000700d00000|  0%| F|  |TAMS 0x0000000700c00000, 0x0000000700c00000| Untracked 
|   1|0x0000000700d00000, 0x0000000700d00000, 0x0000000700e00000|  0%| F|  |TAMS 0x0000000700d00000, 0x0000000700d00000| Untracked 
|   2|0x0000000700e00000, 0x0000000700e00000, 0x0000000700f00000|  0%| F|  |TAMS 0x0000000700e00000, 0x0000000700e00000| Untracked 
|   3|0x0000000700f00000, 0x0000000700f00000, 0x0000000701000000|  0%| F|  |TAMS 0x0000000700f00000, 0x0000000700f00000| Untracked 
|   4|0x0000000701000000, 0x0000000701000000, 0x0000000701100000|  0%| F|  |TAMS 0x0000000701000000, 0x0000000701000000| Untracked 
|   5|0x0000000701100000, 0x0000000701100000, 0x0000000701200000|  0%| F|  |TAMS 0x0000000701100000, 0x0000000701100000| Untracked 
|   6|0x0000000701200000, 0x0000000701200000, 0x0000000701300000|  0%| F|  |TAMS 0x0000000701200000, 0x0000000701200000| Untracked 
|   7|0x0000000701300000, 0x0000000701300000, 0x0000000701400000|  0%| F|  |TAMS 0x0000000701300000, 0x0000000701300000| Untracked 
|   8|0x0000000701400000, 0x0000000701400000, 0x0000000701500000|  0%| F|  |TAMS 0x0000000701400000, 0x0000000701400000| Untracked 
|   9|0x0000000701500000, 0x0000000701500000, 0x0000000701600000|  0%| F|  |TAMS 0x0000000701500000, 0x0000000701500000| Untracked 
|  10|0x0000000701600000, 0x0000000701600000, 0x0000000701700000|  0%| F|  |TAMS 0x0000000701600000, 0x0000000701600000| Untracked 
|  11|0x0000000701700000, 0x0000000701700000, 0x0000000701800000|  0%| F|  |TAMS 0x0000000701700000, 0x0000000701700000| Untracked 
|  12|0x0000000701800000, 0x0000000701800000, 0x0000000701900000|  0%| F|  |TAMS 0x0000000701800000, 0x0000000701800000| Untracked 
|  13|0x0000000701900000, 0x0000000701900000, 0x0000000701a00000|  0%| F|  |TAMS 0x0000000701900000, 0x0000000701900000| Untracked 
|  14|0x0000000701a00000, 0x0000000701a00000, 0x0000000701b00000|  0%| F|  |TAMS 0x0000000701a00000, 0x0000000701a00000| Untracked 
|  15|0x0000000701b00000, 0x0000000701b00000, 0x0000000701c00000|  0%| F|  |TAMS 0x0000000701b00000, 0x0000000701b00000| Untracked 
|  16|0x0000000701c00000, 0x0000000701c00000, 0x0000000701d00000|  0%| F|  |TAMS 0x0000000701c00000, 0x0000000701c00000| Untracked 
|  17|0x0000000701d00000, 0x0000000701d00000, 0x0000000701e00000|  0%| F|  |TAMS 0x0000000701d00000, 0x0000000701d00000| Untracked 
|  18|0x0000000701e00000, 0x0000000701e00000, 0x0000000701f00000|  0%| F|  |TAMS 0x0000000701e00000, 0x0000000701e00000| Untracked 
|  19|0x0000000701f00000, 0x0000000701f00000, 0x0000000702000000|  0%| F|  |TAMS 0x0000000701f00000, 0x0000000701f00000| Untracked 
|  20|0x0000000702000000, 0x0000000702000000, 0x0000000702100000|  0%| F|  |TAMS 0x0000000702000000, 0x0000000702000000| Untracked 
|  21|0x0000000702100000, 0x0000000702100000, 0x0000000702200000|  0%| F|  |TAMS 0x0000000702100000, 0x0000000702100000| Untracked 
|  22|0x0000000702200000, 0x0000000702200000, 0x0000000702300000|  0%| F|  |TAMS 0x0000000702200000, 0x0000000702200000| Untracked 
|  23|0x0000000702300000, 0x0000000702300000, 0x0000000702400000|  0%| F|  |TAMS 0x0000000702300000, 0x0000000702300000| Untracked 
|  24|0x0000000702400000, 0x0000000702400000, 0x0000000702500000|  0%| F|  |TAMS 0x0000000702400000, 0x0000000702400000| Untracked 
|  25|0x0000000702500000, 0x0000000702500000, 0x0000000702600000|  0%| F|  |TAMS 0x0000000702500000, 0x0000000702500000| Untracked 
|  26|0x0000000702600000, 0x0000000702600000, 0x0000000702700000|  0%| F|  |TAMS 0x0000000702600000, 0x0000000702600000| Untracked 
|  27|0x0000000702700000, 0x0000000702700000, 0x0000000702800000|  0%| F|  |TAMS 0x0000000702700000, 0x0000000702700000| Untracked 
|  28|0x0000000702800000, 0x0000000702800000, 0x0000000702900000|  0%| F|  |TAMS 0x0000000702800000, 0x0000000702800000| Untracked 
|  29|0x0000000702900000, 0x0000000702900000, 0x0000000702a00000|  0%| F|  |TAMS 0x0000000702900000, 0x0000000702900000| Untracked 
|  30|0x0000000702a00000, 0x0000000702a00000, 0x0000000702b00000|  0%| F|  |TAMS 0x0000000702a00000, 0x0000000702a00000| Untracked 
|  31|0x0000000702b00000, 0x0000000702b00000, 0x0000000702c00000|  0%| F|  |TAMS 0x0000000702b00000, 0x0000000702b00000| Untracked 
|  32|0x0000000702c00000, 0x0000000702c00000, 0x0000000702d00000|  0%| F|  |TAMS 0x0000000702c00000, 0x0000000702c00000| Untracked 
|  33|0x0000000702d00000, 0x0000000702d00000, 0x0000000702e00000|  0%| F|  |TAMS 0x0000000702d00000, 0x0000000702d00000| Untracked 
|  34|0x0000000702e00000, 0x0000000702e00000, 0x0000000702f00000|  0%| F|  |TAMS 0x0000000702e00000, 0x0000000702e00000| Untracked 
|  35|0x0000000702f00000, 0x0000000702f00000, 0x0000000703000000|  0%| F|  |TAMS 0x0000000702f00000, 0x0000000702f00000| Untracked 
|  36|0x0000000703000000, 0x0000000703000000, 0x0000000703100000|  0%| F|  |TAMS 0x0000000703000000, 0x0000000703000000| Untracked 
|  37|0x0000000703100000, 0x0000000703100000, 0x0000000703200000|  0%| F|  |TAMS 0x0000000703100000, 0x0000000703100000| Untracked 
|  38|0x0000000703200000, 0x0000000703200000, 0x0000000703300000|  0%| F|  |TAMS 0x0000000703200000, 0x0000000703200000| Untracked 
|  39|0x0000000703300000, 0x0000000703300000, 0x0000000703400000|  0%| F|  |TAMS 0x0000000703300000, 0x0000000703300000| Untracked 
|  40|0x0000000703400000, 0x0000000703400000, 0x0000000703500000|  0%| F|  |TAMS 0x0000000703400000, 0x0000000703400000| Untracked 
|  41|0x0000000703500000, 0x0000000703500000, 0x0000000703600000|  0%| F|  |TAMS 0x0000000703500000, 0x0000000703500000| Untracked 
|  42|0x0000000703600000, 0x0000000703600000, 0x0000000703700000|  0%| F|  |TAMS 0x0000000703600000, 0x0000000703600000| Untracked 
|  43|0x0000000703700000, 0x0000000703700000, 0x0000000703800000|  0%| F|  |TAMS 0x0000000703700000, 0x0000000703700000| Untracked 
|  44|0x0000000703800000, 0x0000000703800000, 0x0000000703900000|  0%| F|  |TAMS 0x0000000703800000, 0x0000000703800000| Untracked 
|  45|0x0000000703900000, 0x0000000703900000, 0x0000000703a00000|  0%| F|  |TAMS 0x0000000703900000, 0x0000000703900000| Untracked 
|  46|0x0000000703a00000, 0x0000000703a00000, 0x0000000703b00000|  0%| F|  |TAMS 0x0000000703a00000, 0x0000000703a00000| Untracked 
|  47|0x0000000703b00000, 0x0000000703b00000, 0x0000000703c00000|  0%| F|  |TAMS 0x0000000703b00000, 0x0000000703b00000| Untracked 
|  48|0x0000000703c00000, 0x0000000703c00000, 0x0000000703d00000|  0%| F|  |TAMS 0x0000000703c00000, 0x0000000703c00000| Untracked 
|  49|0x0000000703d00000, 0x0000000703d00000, 0x0000000703e00000|  0%| F|  |TAMS 0x0000000703d00000, 0x0000000703d00000| Untracked 
|  50|0x0000000703e00000, 0x0000000703e00000, 0x0000000703f00000|  0%| F|  |TAMS 0x0000000703e00000, 0x0000000703e00000| Untracked 
|  51|0x0000000703f00000, 0x0000000703f00000, 0x0000000704000000|  0%| F|  |TAMS 0x0000000703f00000, 0x0000000703f00000| Untracked 
|  52|0x0000000704000000, 0x0000000704000000, 0x0000000704100000|  0%| F|  |TAMS 0x0000000704000000, 0x0000000704000000| Untracked 
|  53|0x0000000704100000, 0x0000000704100000, 0x0000000704200000|  0%| F|  |TAMS 0x0000000704100000, 0x0000000704100000| Untracked 
|  54|0x0000000704200000, 0x0000000704200000, 0x0000000704300000|  0%| F|  |TAMS 0x0000000704200000, 0x0000000704200000| Untracked 
|  55|0x0000000704300000, 0x0000000704300000, 0x0000000704400000|  0%| F|  |TAMS 0x0000000704300000, 0x0000000704300000| Untracked 
|  56|0x0000000704400000, 0x0000000704400000, 0x0000000704500000|  0%| F|  |TAMS 0x0000000704400000, 0x0000000704400000| Untracked 
|  57|0x0000000704500000, 0x0000000704500000, 0x0000000704600000|  0%| F|  |TAMS 0x0000000704500000, 0x0000000704500000| Untracked 
|  58|0x0000000704600000, 0x0000000704600000, 0x0000000704700000|  0%| F|  |TAMS 0x0000000704600000, 0x0000000704600000| Untracked 
|  59|0x0000000704700000, 0x0000000704700000, 0x0000000704800000|  0%| F|  |TAMS 0x0000000704700000, 0x0000000704700000| Untracked 
|  60|0x0000000704800000, 0x0000000704800000, 0x0000000704900000|  0%| F|  |TAMS 0x0000000704800000, 0x0000000704800000| Untracked 
|  61|0x0000000704900000, 0x0000000704900000, 0x0000000704a00000|  0%| F|  |TAMS 0x0000000704900000, 0x0000000704900000| Untracked 
|  62|0x0000000704a00000, 0x0000000704a00000, 0x0000000704b00000|  0%| F|  |TAMS 0x0000000704a00000, 0x0000000704a00000| Untracked 
|  63|0x0000000704b00000, 0x0000000704b00000, 0x0000000704c00000|  0%| F|  |TAMS 0x0000000704b00000, 0x0000000704b00000| Untracked 
|  64|0x0000000704c00000, 0x0000000704c00000, 0x0000000704d00000|  0%| F|  |TAMS 0x0000000704c00000, 0x0000000704c00000| Untracked 
|  65|0x0000000704d00000, 0x0000000704d00000, 0x0000000704e00000|  0%| F|  |TAMS 0x0000000704d00000, 0x0000000704d00000| Untracked 
|  66|0x0000000704e00000, 0x0000000704e00000, 0x0000000704f00000|  0%| F|  |TAMS 0x0000000704e00000, 0x0000000704e00000| Untracked 
|  67|0x0000000704f00000, 0x0000000704f00000, 0x0000000705000000|  0%| F|  |TAMS 0x0000000704f00000, 0x0000000704f00000| Untracked 
|  68|0x0000000705000000, 0x0000000705000000, 0x0000000705100000|  0%| F|  |TAMS 0x0000000705000000, 0x0000000705000000| Untracked 
|  69|0x0000000705100000, 0x0000000705100000, 0x0000000705200000|  0%| F|  |TAMS 0x0000000705100000, 0x0000000705100000| Untracked 
|  70|0x0000000705200000, 0x0000000705200000, 0x0000000705300000|  0%| F|  |TAMS 0x0000000705200000, 0x0000000705200000| Untracked 
|  71|0x0000000705300000, 0x0000000705300000, 0x0000000705400000|  0%| F|  |TAMS 0x0000000705300000, 0x0000000705300000| Untracked 
|  72|0x0000000705400000, 0x0000000705400000, 0x0000000705500000|  0%| F|  |TAMS 0x0000000705400000, 0x0000000705400000| Untracked 
|  73|0x0000000705500000, 0x0000000705500000, 0x0000000705600000|  0%| F|  |TAMS 0x0000000705500000, 0x0000000705500000| Untracked 
|  74|0x0000000705600000, 0x0000000705600000, 0x0000000705700000|  0%| F|  |TAMS 0x0000000705600000, 0x0000000705600000| Untracked 
|  75|0x0000000705700000, 0x0000000705700000, 0x0000000705800000|  0%| F|  |TAMS 0x0000000705700000, 0x0000000705700000| Untracked 
|  76|0x0000000705800000, 0x0000000705800000, 0x0000000705900000|  0%| F|  |TAMS 0x0000000705800000, 0x0000000705800000| Untracked 
|  77|0x0000000705900000, 0x0000000705900000, 0x0000000705a00000|  0%| F|  |TAMS 0x0000000705900000, 0x0000000705900000| Untracked 
|  78|0x0000000705a00000, 0x0000000705a00000, 0x0000000705b00000|  0%| F|  |TAMS 0x0000000705a00000, 0x0000000705a00000| Untracked 
|  79|0x0000000705b00000, 0x0000000705b00000, 0x0000000705c00000|  0%| F|  |TAMS 0x0000000705b00000, 0x0000000705b00000| Untracked 
|  80|0x0000000705c00000, 0x0000000705c00000, 0x0000000705d00000|  0%| F|  |TAMS 0x0000000705c00000, 0x0000000705c00000| Untracked 
|  81|0x0000000705d00000, 0x0000000705d00000, 0x0000000705e00000|  0%| F|  |TAMS 0x0000000705d00000, 0x0000000705d00000| Untracked 
|  82|0x0000000705e00000, 0x0000000705e00000, 0x0000000705f00000|  0%| F|  |TAMS 0x0000000705e00000, 0x0000000705e00000| Untracked 
|  83|0x0000000705f00000, 0x0000000705f00000, 0x0000000706000000|  0%| F|  |TAMS 0x0000000705f00000, 0x0000000705f00000| Untracked 
|  84|0x0000000706000000, 0x0000000706000000, 0x0000000706100000|  0%| F|  |TAMS 0x0000000706000000, 0x0000000706000000| Untracked 
|  85|0x0000000706100000, 0x0000000706100000, 0x0000000706200000|  0%| F|  |TAMS 0x0000000706100000, 0x0000000706100000| Untracked 
|  86|0x0000000706200000, 0x0000000706200000, 0x0000000706300000|  0%| F|  |TAMS 0x0000000706200000, 0x0000000706200000| Untracked 
|  87|0x0000000706300000, 0x0000000706300000, 0x0000000706400000|  0%| F|  |TAMS 0x0000000706300000, 0x0000000706300000| Untracked 
|  88|0x0000000706400000, 0x0000000706400000, 0x0000000706500000|  0%| F|  |TAMS 0x0000000706400000, 0x0000000706400000| Untracked 
|  89|0x0000000706500000, 0x0000000706500000, 0x0000000706600000|  0%| F|  |TAMS 0x0000000706500000, 0x0000000706500000| Untracked 
|  90|0x0000000706600000, 0x0000000706600000, 0x0000000706700000|  0%| F|  |TAMS 0x0000000706600000, 0x0000000706600000| Untracked 
|  91|0x0000000706700000, 0x0000000706700000, 0x0000000706800000|  0%| F|  |TAMS 0x0000000706700000, 0x0000000706700000| Untracked 
|  92|0x0000000706800000, 0x0000000706800000, 0x0000000706900000|  0%| F|  |TAMS 0x0000000706800000, 0x0000000706800000| Untracked 
|  93|0x0000000706900000, 0x0000000706900000, 0x0000000706a00000|  0%| F|  |TAMS 0x0000000706900000, 0x0000000706900000| Untracked 
|  94|0x0000000706a00000, 0x0000000706a00000, 0x0000000706b00000|  0%| F|  |TAMS 0x0000000706a00000, 0x0000000706a00000| Untracked 
|  95|0x0000000706b00000, 0x0000000706b00000, 0x0000000706c00000|  0%| F|  |TAMS 0x0000000706b00000, 0x0000000706b00000| Untracked 
|  96|0x0000000706c00000, 0x0000000706c00000, 0x0000000706d00000|  0%| F|  |TAMS 0x0000000706c00000, 0x0000000706c00000| Untracked 
|  97|0x0000000706d00000, 0x0000000706d00000, 0x0000000706e00000|  0%| F|  |TAMS 0x0000000706d00000, 0x0000000706d00000| Untracked 
|  98|0x0000000706e00000, 0x0000000706e00000, 0x0000000706f00000|  0%| F|  |TAMS 0x0000000706e00000, 0x0000000706e00000| Untracked 
|  99|0x0000000706f00000, 0x0000000706f00000, 0x0000000707000000|  0%| F|  |TAMS 0x0000000706f00000, 0x0000000706f00000| Untracked 
| 100|0x0000000707000000, 0x0000000707000000, 0x0000000707100000|  0%| F|  |TAMS 0x0000000707000000, 0x0000000707000000| Untracked 
| 101|0x0000000707100000, 0x0000000707100000, 0x0000000707200000|  0%| F|  |TAMS 0x0000000707100000, 0x0000000707100000| Untracked 
| 102|0x0000000707200000, 0x0000000707200000, 0x0000000707300000|  0%| F|  |TAMS 0x0000000707200000, 0x0000000707200000| Untracked 
| 103|0x0000000707300000, 0x0000000707300000, 0x0000000707400000|  0%| F|  |TAMS 0x0000000707300000, 0x0000000707300000| Untracked 
| 104|0x0000000707400000, 0x0000000707400000, 0x0000000707500000|  0%| F|  |TAMS 0x0000000707400000, 0x0000000707400000| Untracked 
| 105|0x0000000707500000, 0x0000000707500000, 0x0000000707600000|  0%| F|  |TAMS 0x0000000707500000, 0x0000000707500000| Untracked 
| 106|0x0000000707600000, 0x0000000707600000, 0x0000000707700000|  0%| F|  |TAMS 0x0000000707600000, 0x0000000707600000| Untracked 
| 107|0x0000000707700000, 0x0000000707700000, 0x0000000707800000|  0%| F|  |TAMS 0x0000000707700000, 0x0000000707700000| Untracked 
| 108|0x0000000707800000, 0x0000000707800000, 0x0000000707900000|  0%| F|  |TAMS 0x0000000707800000, 0x0000000707800000| Untracked 
| 109|0x0000000707900000, 0x0000000707900000, 0x0000000707a00000|  0%| F|  |TAMS 0x0000000707900000, 0x0000000707900000| Untracked 
| 110|0x0000000707a00000, 0x0000000707a00000, 0x0000000707b00000|  0%| F|  |TAMS 0x0000000707a00000, 0x0000000707a00000| Untracked 
| 111|0x0000000707b00000, 0x0000000707b00000, 0x0000000707c00000|  0%| F|  |TAMS 0x0000000707b00000, 0x0000000707b00000| Untracked 
| 112|0x0000000707c00000, 0x0000000707c00000, 0x0000000707d00000|  0%| F|  |TAMS 0x0000000707c00000, 0x0000000707c00000| Untracked 
| 113|0x0000000707d00000, 0x0000000707d00000, 0x0000000707e00000|  0%| F|  |TAMS 0x0000000707d00000, 0x0000000707d00000| Untracked 
| 114|0x0000000707e00000, 0x0000000707e00000, 0x0000000707f00000|  0%| F|  |TAMS 0x0000000707e00000, 0x0000000707e00000| Untracked 
| 115|0x0000000707f00000, 0x0000000707f00000, 0x0000000708000000|  0%| F|  |TAMS 0x0000000707f00000, 0x0000000707f00000| Untracked 
| 116|0x0000000708000000, 0x0000000708000000, 0x0000000708100000|  0%| F|  |TAMS 0x0000000708000000, 0x0000000708000000| Untracked 
| 117|0x0000000708100000, 0x0000000708100000, 0x0000000708200000|  0%| F|  |TAMS 0x0000000708100000, 0x0000000708100000| Untracked 
| 118|0x0000000708200000, 0x0000000708200000, 0x0000000708300000|  0%| F|  |TAMS 0x0000000708200000, 0x0000000708200000| Untracked 
| 119|0x0000000708300000, 0x0000000708300000, 0x0000000708400000|  0%| F|  |TAMS 0x0000000708300000, 0x0000000708300000| Untracked 
| 120|0x0000000708400000, 0x0000000708400000, 0x0000000708500000|  0%| F|  |TAMS 0x0000000708400000, 0x0000000708400000| Untracked 
| 121|0x0000000708500000, 0x0000000708500000, 0x0000000708600000|  0%| F|  |TAMS 0x0000000708500000, 0x0000000708500000| Untracked 
| 122|0x0000000708600000, 0x0000000708600000, 0x0000000708700000|  0%| F|  |TAMS 0x0000000708600000, 0x0000000708600000| Untracked 
| 123|0x0000000708700000, 0x0000000708700000, 0x0000000708800000|  0%| F|  |TAMS 0x0000000708700000, 0x0000000708700000| Untracked 
| 124|0x0000000708800000, 0x0000000708800000, 0x0000000708900000|  0%| F|  |TAMS 0x0000000708800000, 0x0000000708800000| Untracked 
| 125|0x0000000708900000, 0x0000000708900000, 0x0000000708a00000|  0%| F|  |TAMS 0x0000000708900000, 0x0000000708900000| Untracked 
| 126|0x0000000708a00000, 0x0000000708a00000, 0x0000000708b00000|  0%| F|  |TAMS 0x0000000708a00000, 0x0000000708a00000| Untracked 
| 127|0x0000000708b00000, 0x0000000708b00000, 0x0000000708c00000|  0%| F|  |TAMS 0x0000000708b00000, 0x0000000708b00000| Untracked 
| 128|0x0000000708c00000, 0x0000000708c00000, 0x0000000708d00000|  0%| F|  |TAMS 0x0000000708c00000, 0x0000000708c00000| Untracked 
| 129|0x0000000708d00000, 0x0000000708d00000, 0x0000000708e00000|  0%| F|  |TAMS 0x0000000708d00000, 0x0000000708d00000| Untracked 
| 130|0x0000000708e00000, 0x0000000708e00000, 0x0000000708f00000|  0%| F|  |TAMS 0x0000000708e00000, 0x0000000708e00000| Untracked 
| 131|0x0000000708f00000, 0x0000000708f00000, 0x0000000709000000|  0%| F|  |TAMS 0x0000000708f00000, 0x0000000708f00000| Untracked 
| 132|0x0000000709000000, 0x0000000709000000, 0x0000000709100000|  0%| F|  |TAMS 0x0000000709000000, 0x0000000709000000| Untracked 
| 133|0x0000000709100000, 0x0000000709100000, 0x0000000709200000|  0%| F|  |TAMS 0x0000000709100000, 0x0000000709100000| Untracked 
| 134|0x0000000709200000, 0x0000000709200000, 0x0000000709300000|  0%| F|  |TAMS 0x0000000709200000, 0x0000000709200000| Untracked 
| 135|0x0000000709300000, 0x0000000709300000, 0x0000000709400000|  0%| F|  |TAMS 0x0000000709300000, 0x0000000709300000| Untracked 
| 136|0x0000000709400000, 0x0000000709400000, 0x0000000709500000|  0%| F|  |TAMS 0x0000000709400000, 0x0000000709400000| Untracked 
| 137|0x0000000709500000, 0x0000000709500000, 0x0000000709600000|  0%| F|  |TAMS 0x0000000709500000, 0x0000000709500000| Untracked 
| 138|0x0000000709600000, 0x0000000709600000, 0x0000000709700000|  0%| F|  |TAMS 0x0000000709600000, 0x0000000709600000| Untracked 
| 139|0x0000000709700000, 0x0000000709700000, 0x0000000709800000|  0%| F|  |TAMS 0x0000000709700000, 0x0000000709700000| Untracked 
| 140|0x0000000709800000, 0x0000000709800000, 0x0000000709900000|  0%| F|  |TAMS 0x0000000709800000, 0x0000000709800000| Untracked 
| 141|0x0000000709900000, 0x0000000709900000, 0x0000000709a00000|  0%| F|  |TAMS 0x0000000709900000, 0x0000000709900000| Untracked 
| 142|0x0000000709a00000, 0x0000000709a00000, 0x0000000709b00000|  0%| F|  |TAMS 0x0000000709a00000, 0x0000000709a00000| Untracked 
| 143|0x0000000709b00000, 0x0000000709b00000, 0x0000000709c00000|  0%| F|  |TAMS 0x0000000709b00000, 0x0000000709b00000| Untracked 
| 144|0x0000000709c00000, 0x0000000709c00000, 0x0000000709d00000|  0%| F|  |TAMS 0x0000000709c00000, 0x0000000709c00000| Untracked 
| 145|0x0000000709d00000, 0x0000000709d00000, 0x0000000709e00000|  0%| F|  |TAMS 0x0000000709d00000, 0x0000000709d00000| Untracked 
| 146|0x0000000709e00000, 0x0000000709e00000, 0x0000000709f00000|  0%| F|  |TAMS 0x0000000709e00000, 0x0000000709e00000| Untracked 
| 147|0x0000000709f00000, 0x0000000709f00000, 0x000000070a000000|  0%| F|  |TAMS 0x0000000709f00000, 0x0000000709f00000| Untracked 
| 148|0x000000070a000000, 0x000000070a000000, 0x000000070a100000|  0%| F|  |TAMS 0x000000070a000000, 0x000000070a000000| Untracked 
| 149|0x000000070a100000, 0x000000070a100000, 0x000000070a200000|  0%| F|  |TAMS 0x000000070a100000, 0x000000070a100000| Untracked 
| 150|0x000000070a200000, 0x000000070a200000, 0x000000070a300000|  0%| F|  |TAMS 0x000000070a200000, 0x000000070a200000| Untracked 
| 151|0x000000070a300000, 0x000000070a300000, 0x000000070a400000|  0%| F|  |TAMS 0x000000070a300000, 0x000000070a300000| Untracked 
| 152|0x000000070a400000, 0x000000070a400000, 0x000000070a500000|  0%| F|  |TAMS 0x000000070a400000, 0x000000070a400000| Untracked 
| 153|0x000000070a500000, 0x000000070a500000, 0x000000070a600000|  0%| F|  |TAMS 0x000000070a500000, 0x000000070a500000| Untracked 
| 154|0x000000070a600000, 0x000000070a600000, 0x000000070a700000|  0%| F|  |TAMS 0x000000070a600000, 0x000000070a600000| Untracked 
| 155|0x000000070a700000, 0x000000070a700000, 0x000000070a800000|  0%| F|  |TAMS 0x000000070a700000, 0x000000070a700000| Untracked 
| 156|0x000000070a800000, 0x000000070a800000, 0x000000070a900000|  0%| F|  |TAMS 0x000000070a800000, 0x000000070a800000| Untracked 
| 157|0x000000070a900000, 0x000000070a900000, 0x000000070aa00000|  0%| F|  |TAMS 0x000000070a900000, 0x000000070a900000| Untracked 
| 158|0x000000070aa00000, 0x000000070aa00000, 0x000000070ab00000|  0%| F|  |TAMS 0x000000070aa00000, 0x000000070aa00000| Untracked 
| 159|0x000000070ab00000, 0x000000070ab00000, 0x000000070ac00000|  0%| F|  |TAMS 0x000000070ab00000, 0x000000070ab00000| Untracked 
| 160|0x000000070ac00000, 0x000000070ac00000, 0x000000070ad00000|  0%| F|  |TAMS 0x000000070ac00000, 0x000000070ac00000| Untracked 
| 161|0x000000070ad00000, 0x000000070ad00000, 0x000000070ae00000|  0%| F|  |TAMS 0x000000070ad00000, 0x000000070ad00000| Untracked 
| 162|0x000000070ae00000, 0x000000070ae00000, 0x000000070af00000|  0%| F|  |TAMS 0x000000070ae00000, 0x000000070ae00000| Untracked 
| 163|0x000000070af00000, 0x000000070af00000, 0x000000070b000000|  0%| F|  |TAMS 0x000000070af00000, 0x000000070af00000| Untracked 
| 164|0x000000070b000000, 0x000000070b000000, 0x000000070b100000|  0%| F|  |TAMS 0x000000070b000000, 0x000000070b000000| Untracked 
| 165|0x000000070b100000, 0x000000070b100000, 0x000000070b200000|  0%| F|  |TAMS 0x000000070b100000, 0x000000070b100000| Untracked 
| 166|0x000000070b200000, 0x000000070b200000, 0x000000070b300000|  0%| F|  |TAMS 0x000000070b200000, 0x000000070b200000| Untracked 
| 167|0x000000070b300000, 0x000000070b300000, 0x000000070b400000|  0%| F|  |TAMS 0x000000070b300000, 0x000000070b300000| Untracked 
| 168|0x000000070b400000, 0x000000070b400000, 0x000000070b500000|  0%| F|  |TAMS 0x000000070b400000, 0x000000070b400000| Untracked 
| 169|0x000000070b500000, 0x000000070b500000, 0x000000070b600000|  0%| F|  |TAMS 0x000000070b500000, 0x000000070b500000| Untracked 
| 170|0x000000070b600000, 0x000000070b600000, 0x000000070b700000|  0%| F|  |TAMS 0x000000070b600000, 0x000000070b600000| Untracked 
| 171|0x000000070b700000, 0x000000070b700000, 0x000000070b800000|  0%| F|  |TAMS 0x000000070b700000, 0x000000070b700000| Untracked 
| 172|0x000000070b800000, 0x000000070b800000, 0x000000070b900000|  0%| F|  |TAMS 0x000000070b800000, 0x000000070b800000| Untracked 
| 173|0x000000070b900000, 0x000000070b900000, 0x000000070ba00000|  0%| F|  |TAMS 0x000000070b900000, 0x000000070b900000| Untracked 
| 174|0x000000070ba00000, 0x000000070ba00000, 0x000000070bb00000|  0%| F|  |TAMS 0x000000070ba00000, 0x000000070ba00000| Untracked 
| 175|0x000000070bb00000, 0x000000070bb00000, 0x000000070bc00000|  0%| F|  |TAMS 0x000000070bb00000, 0x000000070bb00000| Untracked 
| 176|0x000000070bc00000, 0x000000070bc00000, 0x000000070bd00000|  0%| F|  |TAMS 0x000000070bc00000, 0x000000070bc00000| Untracked 
| 177|0x000000070bd00000, 0x000000070bd00000, 0x000000070be00000|  0%| F|  |TAMS 0x000000070bd00000, 0x000000070bd00000| Untracked 
| 178|0x000000070be00000, 0x000000070be00000, 0x000000070bf00000|  0%| F|  |TAMS 0x000000070be00000, 0x000000070be00000| Untracked 
| 179|0x000000070bf00000, 0x000000070bf00000, 0x000000070c000000|  0%| F|  |TAMS 0x000000070bf00000, 0x000000070bf00000| Untracked 
| 180|0x000000070c000000, 0x000000070c080800, 0x000000070c100000| 50%| E|  |TAMS 0x000000070c000000, 0x000000070c000000| Complete 
| 181|0x000000070c100000, 0x000000070c200000, 0x000000070c200000|100%| E|CS|TAMS 0x000000070c100000, 0x000000070c100000| Complete 
| 182|0x000000070c200000, 0x000000070c300000, 0x000000070c300000|100%| E|CS|TAMS 0x000000070c200000, 0x000000070c200000| Complete 
| 183|0x000000070c300000, 0x000000070c400000, 0x000000070c400000|100%| E|CS|TAMS 0x000000070c300000, 0x000000070c300000| Complete 
| 184|0x000000070c400000, 0x000000070c500000, 0x000000070c500000|100%| E|CS|TAMS 0x000000070c400000, 0x000000070c400000| Complete 
| 185|0x000000070c500000, 0x000000070c600000, 0x000000070c600000|100%| E|CS|TAMS 0x000000070c500000, 0x000000070c500000| Complete 
| 186|0x000000070c600000, 0x000000070c700000, 0x000000070c700000|100%| E|CS|TAMS 0x000000070c600000, 0x000000070c600000| Complete 
| 187|0x000000070c700000, 0x000000070c800000, 0x000000070c800000|100%| E|CS|TAMS 0x000000070c700000, 0x000000070c700000| Complete 
| 188|0x000000070c800000, 0x000000070c900000, 0x000000070c900000|100%| E|CS|TAMS 0x000000070c800000, 0x000000070c800000| Complete 
| 189|0x000000070c900000, 0x000000070ca00000, 0x000000070ca00000|100%| E|CS|TAMS 0x000000070c900000, 0x000000070c900000| Complete 
| 190|0x000000070ca00000, 0x000000070cb00000, 0x000000070cb00000|100%| E|CS|TAMS 0x000000070ca00000, 0x000000070ca00000| Complete 
| 191|0x000000070cb00000, 0x000000070cc00000, 0x000000070cc00000|100%| E|CS|TAMS 0x000000070cb00000, 0x000000070cb00000| Complete 
| 192|0x000000070cc00000, 0x000000070cd00000, 0x000000070cd00000|100%| E|CS|TAMS 0x000000070cc00000, 0x000000070cc00000| Complete 
| 193|0x000000070cd00000, 0x000000070ce00000, 0x000000070ce00000|100%| E|CS|TAMS 0x000000070cd00000, 0x000000070cd00000| Complete 
| 194|0x000000070ce00000, 0x000000070cf00000, 0x000000070cf00000|100%| E|CS|TAMS 0x000000070ce00000, 0x000000070ce00000| Complete 
| 195|0x000000070cf00000, 0x000000070d000000, 0x000000070d000000|100%| E|CS|TAMS 0x000000070cf00000, 0x000000070cf00000| Complete 
| 196|0x000000070d000000, 0x000000070d100000, 0x000000070d100000|100%| E|CS|TAMS 0x000000070d000000, 0x000000070d000000| Complete 
| 197|0x000000070d100000, 0x000000070d200000, 0x000000070d200000|100%| E|CS|TAMS 0x000000070d100000, 0x000000070d100000| Complete 
| 198|0x000000070d200000, 0x000000070d300000, 0x000000070d300000|100%| E|CS|TAMS 0x000000070d200000, 0x000000070d200000| Complete 
| 199|0x000000070d300000, 0x000000070d400000, 0x000000070d400000|100%| E|CS|TAMS 0x000000070d300000, 0x000000070d300000| Complete 
| 200|0x000000070d400000, 0x000000070d500000, 0x000000070d500000|100%| E|CS|TAMS 0x000000070d400000, 0x000000070d400000| Complete 
| 201|0x000000070d500000, 0x000000070d600000, 0x000000070d600000|100%| E|CS|TAMS 0x000000070d500000, 0x000000070d500000| Complete 
| 202|0x000000070d600000, 0x000000070d700000, 0x000000070d700000|100%| E|CS|TAMS 0x000000070d600000, 0x000000070d600000| Complete 
| 203|0x000000070d700000, 0x000000070d800000, 0x000000070d800000|100%| E|CS|TAMS 0x000000070d700000, 0x000000070d700000| Complete 
| 204|0x000000070d800000, 0x000000070d900000, 0x000000070d900000|100%| E|CS|TAMS 0x000000070d800000, 0x000000070d800000| Complete 
| 205|0x000000070d900000, 0x000000070da00000, 0x000000070da00000|100%| E|CS|TAMS 0x000000070d900000, 0x000000070d900000| Complete 
| 206|0x000000070da00000, 0x000000070db00000, 0x000000070db00000|100%| E|CS|TAMS 0x000000070da00000, 0x000000070da00000| Complete 
| 207|0x000000070db00000, 0x000000070dc00000, 0x000000070dc00000|100%| E|CS|TAMS 0x000000070db00000, 0x000000070db00000| Complete 
| 208|0x000000070dc00000, 0x000000070dd00000, 0x000000070dd00000|100%| E|CS|TAMS 0x000000070dc00000, 0x000000070dc00000| Complete 
| 209|0x000000070dd00000, 0x000000070de00000, 0x000000070de00000|100%| E|CS|TAMS 0x000000070dd00000, 0x000000070dd00000| Complete 
| 210|0x000000070de00000, 0x000000070df00000, 0x000000070df00000|100%| E|CS|TAMS 0x000000070de00000, 0x000000070de00000| Complete 
| 211|0x000000070df00000, 0x000000070e000000, 0x000000070e000000|100%| E|CS|TAMS 0x000000070df00000, 0x000000070df00000| Complete 
| 212|0x000000070e000000, 0x000000070e100000, 0x000000070e100000|100%| E|CS|TAMS 0x000000070e000000, 0x000000070e000000| Complete 
| 213|0x000000070e100000, 0x000000070e200000, 0x000000070e200000|100%| E|CS|TAMS 0x000000070e100000, 0x000000070e100000| Complete 
| 214|0x000000070e200000, 0x000000070e300000, 0x000000070e300000|100%| E|CS|TAMS 0x000000070e200000, 0x000000070e200000| Complete 
| 215|0x000000070e300000, 0x000000070e400000, 0x000000070e400000|100%| E|CS|TAMS 0x000000070e300000, 0x000000070e300000| Complete 
| 216|0x000000070e400000, 0x000000070e500000, 0x000000070e500000|100%| E|CS|TAMS 0x000000070e400000, 0x000000070e400000| Complete 
| 217|0x000000070e500000, 0x000000070e600000, 0x000000070e600000|100%| E|CS|TAMS 0x000000070e500000, 0x000000070e500000| Complete 
| 218|0x000000070e600000, 0x000000070e700000, 0x000000070e700000|100%| E|CS|TAMS 0x000000070e600000, 0x000000070e600000| Complete 
| 219|0x000000070e700000, 0x000000070e800000, 0x000000070e800000|100%| E|CS|TAMS 0x000000070e700000, 0x000000070e700000| Complete 
| 220|0x000000070e800000, 0x000000070e900000, 0x000000070e900000|100%| E|CS|TAMS 0x000000070e800000, 0x000000070e800000| Complete 
| 221|0x000000070e900000, 0x000000070ea00000, 0x000000070ea00000|100%| E|CS|TAMS 0x000000070e900000, 0x000000070e900000| Complete 
| 222|0x000000070ea00000, 0x000000070eb00000, 0x000000070eb00000|100%| E|CS|TAMS 0x000000070ea00000, 0x000000070ea00000| Complete 
| 223|0x000000070eb00000, 0x000000070ec00000, 0x000000070ec00000|100%| E|CS|TAMS 0x000000070eb00000, 0x000000070eb00000| Complete 
| 224|0x000000070ec00000, 0x000000070ed00000, 0x000000070ed00000|100%| E|CS|TAMS 0x000000070ec00000, 0x000000070ec00000| Complete 
| 225|0x000000070ed00000, 0x000000070ee00000, 0x000000070ee00000|100%| E|CS|TAMS 0x000000070ed00000, 0x000000070ed00000| Complete 
| 226|0x000000070ee00000, 0x000000070ef00000, 0x000000070ef00000|100%| E|CS|TAMS 0x000000070ee00000, 0x000000070ee00000| Complete 
| 227|0x000000070ef00000, 0x000000070f000000, 0x000000070f000000|100%| E|CS|TAMS 0x000000070ef00000, 0x000000070ef00000| Complete 
| 228|0x000000070f000000, 0x000000070f100000, 0x000000070f100000|100%| E|CS|TAMS 0x000000070f000000, 0x000000070f000000| Complete 
| 229|0x000000070f100000, 0x000000070f200000, 0x000000070f200000|100%| E|CS|TAMS 0x000000070f100000, 0x000000070f100000| Complete 
| 230|0x000000070f200000, 0x000000070f300000, 0x000000070f300000|100%| E|CS|TAMS 0x000000070f200000, 0x000000070f200000| Complete 
| 231|0x000000070f300000, 0x000000070f3c2598, 0x000000070f400000| 75%| S|CS|TAMS 0x000000070f300000, 0x000000070f300000| Complete 
| 232|0x000000070f400000, 0x000000070f500000, 0x000000070f500000|100%| S|CS|TAMS 0x000000070f400000, 0x000000070f400000| Complete 
| 233|0x000000070f500000, 0x000000070f600000, 0x000000070f600000|100%| S|CS|TAMS 0x000000070f500000, 0x000000070f500000| Complete 
| 234|0x000000070f600000, 0x000000070f700000, 0x000000070f700000|100%| E|CS|TAMS 0x000000070f600000, 0x000000070f600000| Complete 
| 235|0x000000070f700000, 0x000000070f800000, 0x000000070f800000|100%| E|CS|TAMS 0x000000070f700000, 0x000000070f700000| Complete 
| 236|0x000000070f800000, 0x000000070f900000, 0x000000070f900000|100%| E|CS|TAMS 0x000000070f800000, 0x000000070f800000| Complete 
| 237|0x000000070f900000, 0x000000070fa00000, 0x000000070fa00000|100%| E|CS|TAMS 0x000000070f900000, 0x000000070f900000| Complete 
| 238|0x000000070fa00000, 0x000000070fb00000, 0x000000070fb00000|100%| E|CS|TAMS 0x000000070fa00000, 0x000000070fa00000| Complete 
| 239|0x000000070fb00000, 0x000000070fc00000, 0x000000070fc00000|100%| E|CS|TAMS 0x000000070fb00000, 0x000000070fb00000| Complete 
| 240|0x000000070fc00000, 0x000000070fd00000, 0x000000070fd00000|100%| E|CS|TAMS 0x000000070fc00000, 0x000000070fc00000| Complete 
| 241|0x000000070fd00000, 0x000000070fe00000, 0x000000070fe00000|100%| E|CS|TAMS 0x000000070fd00000, 0x000000070fd00000| Complete 
| 242|0x000000070fe00000, 0x000000070ff00000, 0x000000070ff00000|100%| E|CS|TAMS 0x000000070fe00000, 0x000000070fe00000| Complete 
| 243|0x000000070ff00000, 0x0000000710000000, 0x0000000710000000|100%| E|CS|TAMS 0x000000070ff00000, 0x000000070ff00000| Complete 
| 244|0x0000000710000000, 0x0000000710100000, 0x0000000710100000|100%| E|CS|TAMS 0x0000000710000000, 0x0000000710000000| Complete 
| 245|0x0000000710100000, 0x0000000710200000, 0x0000000710200000|100%| E|CS|TAMS 0x0000000710100000, 0x0000000710100000| Complete 
| 246|0x0000000710200000, 0x0000000710300000, 0x0000000710300000|100%| E|CS|TAMS 0x0000000710200000, 0x0000000710200000| Complete 
| 247|0x0000000710300000, 0x0000000710400000, 0x0000000710400000|100%| E|CS|TAMS 0x0000000710300000, 0x0000000710300000| Complete 
| 248|0x0000000710400000, 0x0000000710500000, 0x0000000710500000|100%| E|CS|TAMS 0x0000000710400000, 0x0000000710400000| Complete 
| 249|0x0000000710500000, 0x0000000710600000, 0x0000000710600000|100%| E|CS|TAMS 0x0000000710500000, 0x0000000710500000| Complete 
| 250|0x0000000710600000, 0x0000000710700000, 0x0000000710700000|100%| E|CS|TAMS 0x0000000710600000, 0x0000000710600000| Complete 
| 251|0x0000000710700000, 0x0000000710800000, 0x0000000710800000|100%| E|CS|TAMS 0x0000000710700000, 0x0000000710700000| Complete 
| 252|0x0000000710800000, 0x0000000710900000, 0x0000000710900000|100%| E|CS|TAMS 0x0000000710800000, 0x0000000710800000| Complete 
| 253|0x0000000710900000, 0x0000000710a00000, 0x0000000710a00000|100%| E|CS|TAMS 0x0000000710900000, 0x0000000710900000| Complete 
| 254|0x0000000710a00000, 0x0000000710b00000, 0x0000000710b00000|100%| E|CS|TAMS 0x0000000710a00000, 0x0000000710a00000| Complete 
| 255|0x0000000710b00000, 0x0000000710c00000, 0x0000000710c00000|100%| E|CS|TAMS 0x0000000710b00000, 0x0000000710b00000| Complete 

Card table byte_map: [0x000001e03b460000,0x000001e03bc60000] _byte_map_base: 0x000001e037c5a000

Marking Bits (Prev, Next): (CMBitMap*) 0x000001e0235cc3a8, (CMBitMap*) 0x000001e0235cc3e8
 Prev Bits: [0x000001e03c460000, 0x000001e040430000)
 Next Bits: [0x000001e040430000, 0x000001e044400000)

Polling page: 0x000001e021500000

Metaspace:

Usage:
  Non-class:      8.58 MB capacity,     6.27 MB ( 73%) used,     2.30 MB ( 27%) free+waste,    13.38 KB ( <1%) overhead. 
      Class:    675.00 KB capacity,   370.48 KB ( 55%) used,   298.27 KB ( 44%) free+waste,     6.25 KB ( <1%) overhead. 
       Both:      9.24 MB capacity,     6.63 MB ( 72%) used,     2.59 MB ( 28%) free+waste,    19.63 KB ( <1%) overhead. 

Virtual space:
  Non-class space:       10.00 MB reserved,       8.75 MB ( 88%) committed 
      Class space:        1.00 GB reserved,     768.00 KB ( <1%) committed 
             Both:        1.01 GB reserved,       9.50 MB ( <1%) committed 

Chunk freelists:
   Non-Class:  44.00 KB
       Class:  0 bytes
        Both:  44.00 KB

MaxMetaspaceSize: 17179869184.00 GB
CompressedClassSpaceSize: 1.00 GB

CodeHeap 'non-profiled nmethods': size=120000Kb used=497Kb max_used=497Kb free=119502Kb
 bounds [0x000001e033510000, 0x000001e033780000, 0x000001e03aa40000]
CodeHeap 'profiled nmethods': size=120000Kb used=2235Kb max_used=2235Kb free=117764Kb
 bounds [0x000001e02bfe0000, 0x000001e02c250000, 0x000001e033510000]
CodeHeap 'non-nmethods': size=5760Kb used=1740Kb max_used=1752Kb free=4020Kb
 bounds [0x000001e02ba40000, 0x000001e02bcb0000, 0x000001e02bfe0000]
 total_blobs=2830 nmethods=1094 adapters=1073
 compilation: enabled
              stopped_count=0, restarted_count=0
 full_count=0

Compilation events (20 events):
Event: 1.318 Thread 0x000001e047652000 1080       3       jdk.internal.org.objectweb.asm.Handler::getExceptionTableSize (10 bytes)
Event: 1.318 Thread 0x000001e047652000 nmethod 1080 0x000001e02c207390 code [0x000001e02c207540, 0x000001e02c207798]
Event: 1.318 Thread 0x000001e047652000 1081       1       jdk.internal.org.objectweb.asm.MethodWriter::hasAsmInstructions (5 bytes)
Event: 1.318 Thread 0x000001e047652000 nmethod 1081 0x000001e03358a910 code [0x000001e03358aaa0, 0x000001e03358abd8]
Event: 1.333 Thread 0x000001e047652000 1083       3       java.lang.ClassLoader::checkPackageAccess (102 bytes)
Event: 1.334 Thread 0x000001e047652000 nmethod 1083 0x000001e02c207890 code [0x000001e02c207b80, 0x000001e02c208b00]
Event: 1.335 Thread 0x000001e047652000 1084       3       sun.invoke.util.Wrapper::isDoubleWord (15 bytes)
Event: 1.335 Thread 0x000001e047652000 nmethod 1084 0x000001e02c209110 code [0x000001e02c2092c0, 0x000001e02c209498]
Event: 1.335 Thread 0x000001e047652000 1086       3       java.lang.invoke.MethodTypeForm::canonicalizeAll (66 bytes)
Event: 1.335 Thread 0x000001e047652000 nmethod 1086 0x000001e02c209510 code [0x000001e02c209700, 0x000001e02c209e00]
Event: 1.336 Thread 0x000001e047636000 1089       4       java.lang.StringLatin1::charAt (28 bytes)
Event: 1.336 Thread 0x000001e047636000 nmethod 1089 0x000001e03358bc10 code [0x000001e03358bda0, 0x000001e03358be18]
Event: 1.337 Thread 0x000001e047652000 1091       3       jdk.internal.org.objectweb.asm.ByteVector::<init> (13 bytes)
Event: 1.337 Thread 0x000001e047652000 nmethod 1091 0x000001e02c20a010 code [0x000001e02c20a1c0, 0x000001e02c20a4b8]
Event: 1.337 Thread 0x000001e047652000 1092       3       sun.invoke.util.BytecodeDescriptor::unparseSig (91 bytes)
Event: 1.337 Thread 0x000001e047652000 nmethod 1092 0x000001e02c20a590 code [0x000001e02c20a820, 0x000001e02c20b0d0]
Event: 1.337 Thread 0x000001e047652000 1093       3       jdk.internal.org.objectweb.asm.ByteVector::putByteArray (49 bytes)
Event: 1.337 Thread 0x000001e047652000 nmethod 1093 0x000001e02c20b490 code [0x000001e02c20b660, 0x000001e02c20b9c0]
Event: 1.337 Thread 0x000001e047652000 1094       3       java.lang.invoke.MemberName::checkForTypeAlias (172 bytes)
Event: 1.338 Thread 0x000001e047652000 nmethod 1094 0x000001e02c20bb10 code [0x000001e02c20bfc0, 0x000001e02c20e360]

GC Heap History (2 events):
Event: 0.402 GC heap before
{Heap before GC invocations=0 (full 0):
 garbage-first heap   total 262144K, used 22528K [0x0000000700c00000, 0x0000000800000000)
  region size 1024K, 22 young (22528K), 0 survivors (0K)
 Metaspace       used 1137K, capacity 4858K, committed 5120K, reserved 1056768K
  class space    used 69K, capacity 451K, committed 512K, reserved 1048576K
}
Event: 0.407 GC heap after
{Heap after GC invocations=1 (full 0):
 garbage-first heap   total 262144K, used 2825K [0x0000000700c00000, 0x0000000800000000)
  region size 1024K, 3 young (3072K), 3 survivors (3072K)
 Metaspace       used 1137K, capacity 4858K, committed 5120K, reserved 1056768K
  class space    used 69K, capacity 451K, committed 512K, reserved 1048576K
}

Deoptimization events (20 events):
Event: 1.043 Thread 0x000001e02355f000 DEOPT PACKING pc=0x000001e03353a658 sp=0x000000dd4dcfba60
Event: 1.043 Thread 0x000001e02355f000 DEOPT UNPACKING pc=0x000001e02ba8912f sp=0x000000dd4dcfb9f0 mode 2
Event: 1.050 Thread 0x000001e02355f000 Uncommon trap: trap_request=0xffffff45 fr.pc=0x000001e033556dfc relative=0x00000000000008dc
Event: 1.050 Thread 0x000001e02355f000 Uncommon trap: reason=unstable_if action=reinterpret pc=0x000001e033556dfc method=java.util.jar.JarFile.getVersionedEntry(Ljava/lang/String;Ljava/util/jar/JarEntry;)Ljava/util/jar/JarEntry; @ 67 c2
Event: 1.050 Thread 0x000001e02355f000 DEOPT PACKING pc=0x000001e033556dfc sp=0x000000dd4dcfde50
Event: 1.050 Thread 0x000001e02355f000 DEOPT UNPACKING pc=0x000001e02ba8912f sp=0x000000dd4dcfdde8 mode 2
Event: 1.072 Thread 0x000001e02355f000 Uncommon trap: trap_request=0xffffff54 fr.pc=0x000001e033571e88 relative=0x0000000000000068
Event: 1.072 Thread 0x000001e02355f000 Uncommon trap: reason=speculate_null_assert action=make_not_entrant pc=0x000001e033571e88 method=sun.misc.Unsafe.getLong(Ljava/lang/Object;J)J @ 5 c2
Event: 1.072 Thread 0x000001e02355f000 DEOPT PACKING pc=0x000001e033571e88 sp=0x000000dd4dcff1e0
Event: 1.072 Thread 0x000001e02355f000 DEOPT UNPACKING pc=0x000001e02ba8912f sp=0x000000dd4dcff168 mode 2
Event: 1.165 Thread 0x000001e02355f000 DEOPT PACKING pc=0x000001e02bfed73b sp=0x000000dd4dcfdd30
Event: 1.165 Thread 0x000001e02355f000 DEOPT UNPACKING pc=0x000001e02ba8964e sp=0x000000dd4dcfd1a8 mode 0
Event: 1.255 Thread 0x000001e02355f000 Uncommon trap: trap_request=0xffffff45 fr.pc=0x000001e033552088 relative=0x00000000000009a8
Event: 1.255 Thread 0x000001e02355f000 Uncommon trap: reason=unstable_if action=reinterpret pc=0x000001e033552088 method=java.util.jar.JarFile.getVersionedEntry(Ljava/lang/String;Ljava/util/jar/JarEntry;)Ljava/util/jar/JarEntry; @ 67 c2
Event: 1.255 Thread 0x000001e02355f000 DEOPT PACKING pc=0x000001e033552088 sp=0x000000dd4dcfdd40
Event: 1.255 Thread 0x000001e02355f000 DEOPT UNPACKING pc=0x000001e02ba8912f sp=0x000000dd4dcfdd28 mode 2
Event: 1.282 Thread 0x000001e02355f000 Uncommon trap: trap_request=0xffffff45 fr.pc=0x000001e03352f870 relative=0x0000000000001270
Event: 1.282 Thread 0x000001e02355f000 Uncommon trap: reason=unstable_if action=reinterpret pc=0x000001e03352f870 method=java.io.BufferedReader.readLine(Z)Ljava/lang/String; @ 66 c2
Event: 1.282 Thread 0x000001e02355f000 DEOPT PACKING pc=0x000001e03352f870 sp=0x000000dd4dcfe580
Event: 1.282 Thread 0x000001e02355f000 DEOPT UNPACKING pc=0x000001e02ba8912f sp=0x000000dd4dcfe548 mode 2

Classes unloaded (0 events):
No events

Classes redefined (0 events):
No events

Internal exceptions (20 events):
Event: 1.004 Thread 0x000001e02355f000 Exception <a 'sun/nio/fs/WindowsException'{0x00000007100f17b0}> (0x00000007100f17b0) 
thrown [t:/workspace/open/src/hotspot/share/prims/jni.cpp, line 598]
Event: 1.008 Thread 0x000001e02355f000 Exception <a 'sun/nio/fs/WindowsException'{0x000000070ffa7a70}> (0x000000070ffa7a70) 
thrown [t:/workspace/open/src/hotspot/share/prims/jni.cpp, line 598]
Event: 1.008 Thread 0x000001e02355f000 Exception <a 'sun/nio/fs/WindowsException'{0x000000070ffa7d40}> (0x000000070ffa7d40) 
thrown [t:/workspace/open/src/hotspot/share/prims/jni.cpp, line 598]
Event: 1.045 Thread 0x000001e02355f000 Exception <a 'sun/nio/fs/WindowsException'{0x000000070fbe01d0}> (0x000000070fbe01d0) 
thrown [t:/workspace/open/src/hotspot/share/prims/jni.cpp, line 598]
Event: 1.045 Thread 0x000001e02355f000 Exception <a 'sun/nio/fs/WindowsException'{0x000000070fbe0560}> (0x000000070fbe0560) 
thrown [t:/workspace/open/src/hotspot/share/prims/jni.cpp, line 598]
Event: 1.263 Thread 0x000001e02355f000 Exception <a 'java/lang/ClassNotFoundException'{0x000000070d07e808}: sun/awt/resources/spi/awtProvider> (0x000000070d07e808) 
thrown [t:/workspace/open/src/hotspot/share/classfile/systemDictionary.cpp, line 232]
Event: 1.274 Thread 0x000001e02355f000 Exception <a 'java/io/FileNotFoundException'{0x000000070d0c30b0}> (0x000000070d0c30b0) 
thrown [t:/workspace/open/src/hotspot/share/prims/jni.cpp, line 598]
Event: 1.278 Thread 0x000001e02355f000 Exception <a 'java/io/FileNotFoundException'{0x000000070d0e9750}> (0x000000070d0e9750) 
thrown [t:/workspace/open/src/hotspot/share/prims/jni.cpp, line 598]
Event: 1.281 Thread 0x000001e02355f000 Exception <a 'java/io/FileNotFoundException'{0x000000070cf85818}> (0x000000070cf85818) 
thrown [t:/workspace/open/src/hotspot/share/prims/jni.cpp, line 598]
Event: 1.281 Thread 0x000001e02355f000 Exception <a 'java/io/FileNotFoundException'{0x000000070cf85f18}> (0x000000070cf85f18) 
thrown [t:/workspace/open/src/hotspot/share/prims/jni.cpp, line 598]
Event: 1.292 Thread 0x000001e02355f000 Exception <a 'java/io/FileNotFoundException'{0x000000070cc7f028}> (0x000000070cc7f028) 
thrown [t:/workspace/open/src/hotspot/share/prims/jni.cpp, line 598]
Event: 1.294 Thread 0x000001e02355f000 Exception <a 'java/io/FileNotFoundException'{0x000000070cb35a28}> (0x000000070cb35a28) 
thrown [t:/workspace/open/src/hotspot/share/prims/jni.cpp, line 598]
Event: 1.299 Thread 0x000001e02355f000 Exception <a 'java/io/FileNotFoundException'{0x000000070cbf5f70}> (0x000000070cbf5f70) 
thrown [t:/workspace/open/src/hotspot/share/prims/jni.cpp, line 598]
Event: 1.300 Thread 0x000001e02355f000 Exception <a 'java/io/FileNotFoundException'{0x000000070cabaf08}> (0x000000070cabaf08) 
thrown [t:/workspace/open/src/hotspot/share/prims/jni.cpp, line 598]
Event: 1.304 Thread 0x000001e02355f000 Exception <a 'java/lang/NoSuchMethodError'{0x000000070c9f8ac8}: 'void java.lang.invoke.DirectMethodHandle$Holder.invokeStatic(java.lang.Object, long)'> (0x000000070c9f8ac8) 
thrown [t:/workspace/open/src/hotspot/share/interpreter/linkResolver.cpp, line 767]
Event: 1.304 Thread 0x000001e02355f000 Exception <a 'java/lang/NoSuchMethodError'{0x000000070c9fb4d8}: 'void java.lang.invoke.DirectMethodHandle$Holder.invokeStaticInit(java.lang.Object, long)'> (0x000000070c9fb4d8) 
thrown [t:/workspace/open/src/hotspot/share/interpreter/linkResolver.cpp, line 767]
Event: 1.314 Thread 0x000001e02355f000 Exception <a 'java/lang/NoSuchMethodError'{0x000000070c249600}: 'void java.lang.invoke.DirectMethodHandle$Holder.invokeStatic(java.lang.Object, long, int, int)'> (0x000000070c249600) 
thrown [t:/workspace/open/src/hotspot/share/interpreter/linkResolver.cpp, line 767]
Event: 1.314 Thread 0x000001e02355f000 Exception <a 'java/lang/NoSuchMethodError'{0x000000070c24c140}: 'void java.lang.invoke.DirectMethodHandle$Holder.invokeStaticInit(java.lang.Object, long, int, int)'> (0x000000070c24c140) 
thrown [t:/workspace/open/src/hotspot/share/interpreter/linkResolver.cpp, line 767]
Event: 1.316 Thread 0x000001e02355f000 Exception <a 'java/lang/NoSuchMethodError'{0x000000070c279058}: 'void java.lang.invoke.DirectMethodHandle$Holder.invokeStaticInit(java.lang.Object, long, int, int, int, int)'> (0x000000070c279058) 
thrown [t:/workspace/open/src/hotspot/share/interpreter/linkResolver.cpp, line 767]
Event: 1.317 Thread 0x000001e02355f000 Exception <a 'java/lang/NoSuchMethodError'{0x000000070c297cc0}: 'void java.lang.invoke.DirectMethodHandle$Holder.invokeStatic(java.lang.Object, int, int)'> (0x000000070c297cc0) 
thrown [t:/workspace/open/src/hotspot/share/interpreter/linkResolver.cpp, line 767]

Events (20 events):
Event: 1.336 loading class imgui/glfw/ImGuiImplGlfw
Event: 1.336 loading class imgui/glfw/ImGuiImplGlfw done
Event: 1.336 loading class org/lwjgl/glfw/GLFWScrollCallback
Event: 1.336 loading class org/lwjgl/glfw/GLFWScrollCallback done
Event: 1.336 loading class org/lwjgl/glfw/GLFWScrollCallback$Container
Event: 1.336 loading class org/lwjgl/glfw/GLFWScrollCallback$Container done
Event: 1.337 loading class imgui/glfw/ImGuiImplGlfw
Event: 1.337 loading class imgui/glfw/ImGuiImplGlfw done
Event: 1.337 loading class imgui/glfw/ImGuiImplGlfw
Event: 1.337 loading class imgui/glfw/ImGuiImplGlfw done
Event: 1.338 loading class org/lwjgl/glfw/GLFWCharCallback
Event: 1.338 loading class org/lwjgl/glfw/GLFWCharCallback done
Event: 1.338 loading class org/lwjgl/glfw/GLFWCharCallback$Container
Event: 1.338 loading class org/lwjgl/glfw/GLFWCharCallback$Container done
Event: 1.338 loading class imgui/gl3/ImGuiImplGl3
Event: 1.338 loading class imgui/gl3/ImGuiImplGl3 done
Event: 1.339 loading class imgui/type/ImInt
Event: 1.339 loading class imgui/type/ImInt done
Event: 1.358 loading class org/lwjgl/glfw/EventLoop$OnScreen
Event: 1.358 loading class org/lwjgl/glfw/EventLoop$OnScreen done


Dynamic libraries:
0x00007ff757940000 - 0x00007ff75794f000 	C:\Program Files\Java\jdk-13.0.2\bin\javaw.exe
0x00007ffc2f660000 - 0x00007ffc2f850000 	C:\Windows\SYSTEM32\ntdll.dll
0x00007ffc1ad90000 - 0x00007ffc1ada3000 	C:\Program Files\AVG\Antivirus\aswhook.dll
0x00007ffc2f430000 - 0x00007ffc2f4e2000 	C:\Windows\System32\KERNEL32.DLL
0x00007ffc2cee0000 - 0x00007ffc2d184000 	C:\Windows\System32\KERNELBASE.dll
0x00007ffc2d610000 - 0x00007ffc2d70a000 	C:\Windows\System32\ucrtbase.dll
0x00007ffc24410000 - 0x00007ffc24428000 	C:\Program Files\Java\jdk-13.0.2\bin\jli.dll
0x00007ffc2f4f0000 - 0x00007ffc2f593000 	C:\Windows\System32\ADVAPI32.dll
0x00007ffc2ded0000 - 0x00007ffc2df6e000 	C:\Windows\System32\msvcrt.dll
0x00007ffc2dc40000 - 0x00007ffc2dcd7000 	C:\Windows\System32\sechost.dll
0x00007ffc2dce0000 - 0x00007ffc2de00000 	C:\Windows\System32\RPCRT4.dll
0x00007ffc2ef20000 - 0x00007ffc2f0b4000 	C:\Windows\System32\USER32.dll
0x00007ffc2d260000 - 0x00007ffc2d281000 	C:\Windows\System32\win32u.dll
0x00007ffc2dff0000 - 0x00007ffc2e016000 	C:\Windows\System32\GDI32.dll
0x00007ffc2d470000 - 0x00007ffc2d605000 	C:\Windows\System32\gdi32full.dll
0x00007ffc2cdf0000 - 0x00007ffc2ce8e000 	C:\Windows\System32\msvcp_win.dll
0x00007ffc11eb0000 - 0x00007ffc11ec5000 	C:\Program Files\Java\jdk-13.0.2\bin\VCRUNTIME140.dll
0x00007ffc1c490000 - 0x00007ffc1c714000 	C:\Windows\WinSxS\amd64_microsoft.windows.common-controls_6595b64144ccf1df_6.0.18362.900_none_e6beb9d913147d17\COMCTL32.dll
0x00007ffc2e020000 - 0x00007ffc2e355000 	C:\Windows\System32\combase.dll
0x00007ffc2cd70000 - 0x00007ffc2cdf0000 	C:\Windows\System32\bcryptPrimitives.dll
0x00007ffc25da0000 - 0x00007ffc25daa000 	C:\Windows\SYSTEM32\VERSION.dll
0x00007ffc2d780000 - 0x00007ffc2d7ae000 	C:\Windows\System32\IMM32.DLL
0x00007ffbf9dd0000 - 0x00007ffbf9e6b000 	C:\Program Files\Java\jdk-13.0.2\bin\msvcp140.dll
0x00007ffbc1420000 - 0x00007ffbc1f7d000 	C:\Program Files\Java\jdk-13.0.2\bin\server\jvm.dll
0x00007ffc2f610000 - 0x00007ffc2f618000 	C:\Windows\System32\PSAPI.DLL
0x00007ffc19980000 - 0x00007ffc19989000 	C:\Windows\SYSTEM32\WSOCK32.dll
0x00007ffc2f5a0000 - 0x00007ffc2f60f000 	C:\Windows\System32\WS2_32.dll
0x00007ffc29e90000 - 0x00007ffc29eb4000 	C:\Windows\SYSTEM32\WINMM.dll
0x00007ffc29c00000 - 0x00007ffc29c2d000 	C:\Windows\SYSTEM32\WINMMBASE.dll
0x00007ffc2ce90000 - 0x00007ffc2ceda000 	C:\Windows\System32\cfgmgr32.dll
0x00007ffc2c530000 - 0x00007ffc2c541000 	C:\Windows\System32\kernel.appcore.dll
0x00007ffc24fe0000 - 0x00007ffc24ff0000 	C:\Program Files\Java\jdk-13.0.2\bin\verify.dll
0x00007ffc1fac0000 - 0x00007ffc1fcb4000 	C:\Windows\SYSTEM32\DBGHELP.DLL
0x00007ffc1fa90000 - 0x00007ffc1faba000 	C:\Windows\SYSTEM32\dbgcore.DLL
0x00007ffc13140000 - 0x00007ffc13166000 	C:\Program Files\Java\jdk-13.0.2\bin\java.dll
0x00007ffc19130000 - 0x00007ffc19147000 	C:\Program Files\Java\jdk-13.0.2\bin\zip.dll
0x00007ffc1ad70000 - 0x00007ffc1ad7a000 	C:\Program Files\Java\jdk-13.0.2\bin\jimage.dll
0x00007ffc2e830000 - 0x00007ffc2ef16000 	C:\Windows\System32\SHELL32.dll
0x00007ffc2d950000 - 0x00007ffc2d9f9000 	C:\Windows\System32\shcore.dll
0x00007ffc2c5f0000 - 0x00007ffc2cd70000 	C:\Windows\System32\windows.storage.dll
0x00007ffc2c570000 - 0x00007ffc2c593000 	C:\Windows\System32\profapi.dll
0x00007ffc2c5a0000 - 0x00007ffc2c5ea000 	C:\Windows\System32\powrprof.dll
0x00007ffc2c520000 - 0x00007ffc2c530000 	C:\Windows\System32\UMPDC.dll
0x00007ffc2e360000 - 0x00007ffc2e3b2000 	C:\Windows\System32\shlwapi.dll
0x00007ffc2d190000 - 0x00007ffc2d1a7000 	C:\Windows\System32\cryptsp.dll
0x00007ffc13380000 - 0x00007ffc13399000 	C:\Program Files\Java\jdk-13.0.2\bin\net.dll
0x00007ffc22d30000 - 0x00007ffc22e20000 	C:\Windows\SYSTEM32\WINHTTP.dll
0x00007ffc2bd90000 - 0x00007ffc2bdf7000 	C:\Windows\system32\mswsock.dll
0x00007ffc11db0000 - 0x00007ffc11dc3000 	C:\Program Files\Java\jdk-13.0.2\bin\nio.dll
0x00007ffbf9a80000 - 0x00007ffbf9ae4000 	C:\Users\Work\AppData\Local\Temp\lwjglWork\3.2.3-build-13\lwjgl.dll
0x00007ffbf6720000 - 0x00007ffbf6782000 	C:\Users\Work\AppData\Local\Temp\lwjglWork\3.2.3-build-13\glfw.dll
0x00007ffc2abf0000 - 0x00007ffc2ac89000 	C:\Windows\system32\uxtheme.dll
0x00007ffc113b0000 - 0x00007ffc113f3000 	C:\Windows\SYSTEM32\dinput8.dll
0x00007ffc11e90000 - 0x00007ffc11ea1000 	C:\Windows\SYSTEM32\xinput1_4.dll
0x00007ffc2c320000 - 0x00007ffc2c34a000 	C:\Windows\SYSTEM32\DEVOBJ.dll
0x00007ffc2acc0000 - 0x00007ffc2aced000 	C:\Windows\SYSTEM32\dwmapi.dll
0x00007ffc1f5b0000 - 0x00007ffc1f6cb000 	C:\Windows\SYSTEM32\inputhost.dll
0x00007ffc2a4e0000 - 0x00007ffc2a5b4000 	C:\Windows\SYSTEM32\CoreMessaging.dll
0x00007ffc27520000 - 0x00007ffc2784a000 	C:\Windows\SYSTEM32\CoreUIComponents.dll
0x00007ffc28ed0000 - 0x00007ffc28fc0000 	C:\Windows\SYSTEM32\PROPSYS.dll
0x00007ffc2de00000 - 0x00007ffc2dec5000 	C:\Windows\System32\OLEAUT32.dll
0x00007ffc27e70000 - 0x00007ffc27fc3000 	C:\Windows\SYSTEM32\wintypes.dll
0x00007ffc2b580000 - 0x00007ffc2b5b1000 	C:\Windows\SYSTEM32\ntmarta.dll
0x00007ffc2d7b0000 - 0x00007ffc2d8e5000 	C:\Windows\System32\MSCTF.dll
0x00007ffc2b130000 - 0x00007ffc2b13e000 	C:\Windows\SYSTEM32\HID.DLL
0x00007ffc2e3c0000 - 0x00007ffc2e830000 	C:\Windows\System32\SETUPAPI.DLL
0x00007ffc2d3e0000 - 0x00007ffc2d406000 	C:\Windows\System32\bcrypt.dll
0x00007ffc2d410000 - 0x00007ffc2d46c000 	C:\Windows\System32\WINTRUST.dll
0x00007ffc2c550000 - 0x00007ffc2c562000 	C:\Windows\System32\MSASN1.dll
0x00007ffc2d290000 - 0x00007ffc2d3d9000 	C:\Windows\System32\CRYPT32.dll
0x00007ffbc5a50000 - 0x00007ffbc5ba6000 	C:\Windows\SYSTEM32\opengl32.dll
0x00007ffc07d50000 - 0x00007ffc07d7c000 	C:\Windows\SYSTEM32\GLU32.dll
0x00007ffc2b190000 - 0x00007ffc2b1b0000 	C:\Windows\SYSTEM32\dxcore.dll
0x00007ffbba300000 - 0x00007ffbbc9d8000 	C:\Windows\System32\DriverStore\FileRepository\nvmdi.inf_amd64_e726a33b25732961\nvoglv64.dll
0x00007ffc2dae0000 - 0x00007ffc2dc37000 	C:\Windows\System32\ole32.dll
0x00007ffc28ff0000 - 0x00007ffc29003000 	C:\Windows\SYSTEM32\WTSAPI32.dll
0x00007ffc2b5f0000 - 0x00007ffc2b646000 	C:\Windows\SYSTEM32\WINSTA.dll
0x00007ffc1f6d0000 - 0x00007ffc1f76e000 	C:\Windows\System32\TextInputFramework.dll
0x00007ffc1e1a0000 - 0x00007ffc1e446000 	C:\Windows\System32\iertutil.dll
0x00007ffc22a10000 - 0x00007ffc22a75000 	C:\Windows\system32\Oleacc.dll
0x00007ffbf8310000 - 0x00007ffbf8369000 	C:\Users\Work\AppData\Local\Temp\lwjglWork\3.2.3-build-13\lwjgl_opengl.dll
0x00007ffbbfe60000 - 0x00007ffbc00b3000 	C:\Users\Work\AppData\Local\Temp\lwjglWork\3.2.3-build-13\jemalloc.dll
0x00007ffc11080000 - 0x00007ffc11219000 	C:\Program Files\Java\jdk-13.0.2\bin\awt.dll
0x00007ffc2a790000 - 0x00007ffc2a81f000 	C:\Windows\SYSTEM32\apphelp.dll
0x000000006f6c0000 - 0x000000006f897000 	C:\Dev\Nerdprogramming\Java\Maven\3DGFX\libs\imgui-java64.dll
0x00007ffc2b900000 - 0x00007ffc2b933000 	C:\Windows\system32\rsaenh.dll
0x00007ffc2bf60000 - 0x00007ffc2bf6c000 	C:\Windows\SYSTEM32\CRYPTBASE.dll

dbghelp: loaded successfully - version: 4.0.5 - missing functions: none
symbol engine: initialized successfully - sym options: 0x614 - pdb path: .;C:\Program Files\Java\jdk-13.0.2\bin;C:\Windows\SYSTEM32;C:\Program Files\AVG\Antivirus;C:\Windows\WinSxS\amd64_microsoft.windows.common-controls_6595b64144ccf1df_6.0.18362.900_none_e6beb9d913147d17;C:\Program Files\Java\jdk-13.0.2\bin\server;C:\Users\Work\AppData\Local\Temp\lwjglWork\3.2.3-build-13;C:\Windows\System32\DriverStore\FileRepository\nvmdi.inf_amd64_e726a33b25732961;C:\Dev\Nerdprogramming\Java\Maven\3DGFX\libs

VM Arguments:
jvm_args: -Djava.library.path=C:\Dev\Nerdprogramming\Java\Maven\3DGFX\libs -Dfile.encoding=Cp1252 
java_command: Main
java_class_path (initial): C:\Dev\Nerdprogramming\Java\Maven\Sandbox\bin;C:\Dev\Nerdprogramming\Java\Maven\3DGFX\bin\main;C:\Users\Work\.gradle\caches\modules-2\files-2.1\org.apache.commons\commons-math3\3.6.1\e4ba98f1d4b3c80ec46392f25e094a6a2e58fcbf\commons-math3-3.6.1.jar;C:\Users\Work\.gradle\caches\modules-2\files-2.1\com.google.guava\guava\28.0-jre\54fed371b4b8a8cce1e94a9abd9620982d3aa54b\guava-28.0-jre.jar;C:\Users\Work\.gradle\caches\modules-2\files-2.1\com.google.guava\failureaccess\1.0.1\1dcf1de382a0bf95a3d8b0849546c88bac1292c9\failureaccess-1.0.1.jar;C:\Users\Work\.gradle\caches\modules-2\files-2.1\com.google.guava\listenablefuture\9999.0-empty-to-avoid-conflict-with-guava\b421526c5f297295adef1c886e5246c39d4ac629\listenablefuture-9999.0-empty-to-avoid-conflict-with-guava.jar;C:\Users\Work\.gradle\caches\modules-2\files-2.1\com.google.code.findbugs\jsr305\3.0.2\25ea2e8b0c338a877313bd4672d3fe056ea78f0d\jsr305-3.0.2.jar;C:\Users\Work\.gradle\caches\modules-2\files-2.1\org.checkerframework\checker-qual\2.8.1\eb2e8ab75598548cc8acf9a1ca227e480e01881e\checker-qual-2.8.1.jar;C:\Users\Work\.gradle\caches\modules-2\files-2.1\com.google.errorprone\error_prone_annotations\2.3.2\d1a0c5032570e0f64be6b4d9c90cdeb103129029\error_prone_annotations-2.3.2.jar;C:\Users\Work\.gradle\caches\modules-2\files-2.1\com.google.j2objc\j2objc-annotations\1.3\ba035118bc8bac37d7eff77700720999acd9986d\j2objc-annotations-1.3.jar;C:\Users\Work\.gradle\caches\modules-2\files-2.1\org.codehaus.mojo\animal-sniffer-annotations\1.17\f97ce6decaea32b36101e37979f8b647f00681fb\animal-sniffer-annotations-1.17.jar;C:\Dev\Nerdprogramming\Java\Maven\3DGFX\libs\imgui-binding-1.77-0.16.jar;C:\Dev\Nerdprogramming\Java\Maven\3DGFX\libs\imgui-lwjgl3-1.77-0.16.jar;C:\Dev\Nerdprogramming\Java\Maven\3DGFX\libs\joml-1.9.25.jar;C:\Dev\Nerdprogramming\Java\Maven\3DGFX\libs\lwjgl-assimp-natives-linux-arm32.jar;C:\Dev\Nerdprogramming\Java\Maven\3DGFX\libs\lwjgl-assimp-natives-linux-arm64.jar;C:\Dev\Nerdprogramming\J
Launcher Type: SUN_STANDARD

[Global flags]
     intx CICompilerCount                          = 3                                         {product} {ergonomic}
     uint ConcGCThreads                            = 2                                         {product} {ergonomic}
     uint G1ConcRefinementThreads                  = 6                                         {product} {ergonomic}
   size_t G1HeapRegionSize                         = 1048576                                   {product} {ergonomic}
    uintx GCDrainStackTargetSize                   = 64                                        {product} {ergonomic}
   size_t InitialHeapSize                          = 268435456                                 {product} {ergonomic}
   size_t MarkStackSize                            = 4194304                                   {product} {ergonomic}
   size_t MaxHeapSize                              = 4282384384                                {product} {ergonomic}
   size_t MaxNewSize                               = 2569011200                                {product} {ergonomic}
   size_t MinHeapDeltaBytes                        = 1048576                                   {product} {ergonomic}
   size_t MinHeapSize                              = 8388608                                   {product} {ergonomic}
    uintx NonNMethodCodeHeapSize                   = 5832780                                {pd product} {ergonomic}
    uintx NonProfiledCodeHeapSize                  = 122912730                              {pd product} {ergonomic}
    uintx ProfiledCodeHeapSize                     = 122912730                              {pd product} {ergonomic}
    uintx ReservedCodeCacheSize                    = 251658240                              {pd product} {ergonomic}
     bool SegmentedCodeCache                       = true                                      {product} {ergonomic}
   size_t SoftMaxHeapSize                          = 4282384384                             {manageable} {ergonomic}
     bool UseCompressedClassPointers               = true                                 {lp64_product} {ergonomic}
     bool UseCompressedOops                        = true                                 {lp64_product} {ergonomic}
     bool UseG1GC                                  = true                                      {product} {ergonomic}
     bool UseLargePagesIndividualAllocation        = false                                  {pd product} {ergonomic}

Logging:
Log output configuration:
 #0: stdout all=warning uptime,level,tags
 #1: stderr all=off uptime,level,tags

Environment Variables:
PATH=C:/Program Files/Java/jdk-13.0.2/bin/server;C:/Program Files/Java/jdk-13.0.2/bin;C:\Program Files (x86)\NVIDIA Corporation\PhysX\Common;C:\Python27\;C:\Python27\Scripts;C:\Windows\system32;C:\Windows;C:\Windows\System32\Wbem;C:\Windows\System32\WindowsPowerShell\v1.0\;C:\Windows\System32\OpenSSH\;C:\Program Files\nodejs\;C:\ProgramData\chocolatey\bin;C:\Program Files\LLVM\bin;C:\Program Files\CMake\bin;C:\Program Files\dotnet\;C:\Program Files\Git\cmd;C:\Program Files\PuTTY\;C:\Program Files\BeefLang\bin;C:\Scripts;C:\Users\Work\AppData\Local\Microsoft\WindowsApps;C:\Users\Work\AppData\Local\GitHubDesktop\bin;C:\Program Files\Java\jdk-13.0.2\bin;;C:\Users\Work\AppData\Local\Programs\Microsoft VS Code\bin;C:\Users\Work\.dotnet\tools;C:\Users\Work\Desktop;
USERNAME=Work
OS=Windows_NT
PROCESSOR_IDENTIFIER=Intel64 Family 6 Model 158 Stepping 10, GenuineIntel



---------------  S Y S T E M  ---------------

OS: Windows 10 , 64 bit Build 18362 (10.0.18362.900)

CPU:total 6 (initial active 6) (6 cores per cpu, 1 threads per core) family 6 model 158 stepping 10, cmov, cx8, fxsr, mmx, sse, sse2, sse3, ssse3, sse4.1, sse4.2, popcnt, avx, avx2, aes, clmul, erms, 3dnowpref, lzcnt, tsc, tscinvbit, bmi1, bmi2, adx, fma

Memory: 4k page, system-wide physical 16328M (7207M free)
TotalPageFile size 26056M (AvailPageFile size 10516M)
current process WorkingSet (physical memory assigned to process): 177M, peak: 177M
current process commit charge ("private bytes"): 431M, peak: 431M

vm_info: Java HotSpot(TM) 64-Bit Server VM (13.0.2+8) for windows-amd64 JRE (13.0.2+8), built on Dec 11 2019 09:20:33 by "mach5one" with unknown MS VC++:1916

END.
